<?xml version="1.0" encoding="UTF-8"?>
<!-- Generated by org.testng.reporters.JUnitReportReporter -->
<testsuite skipped="0" hostname="DESKTOP-DJUPFTN" name="TodoElectron" tests="3" failures="0" timestamp="2021-12-01T15:22:02 IST" time="16.928" errors="0">
  <testcase name="test01_verifyCreateTask" time="5.231" classname="TodoElectron"/>
  <system-out/>
  <testcase name="test02_verifyEditTask" time="0.871" classname="TodoElectron"/>
  <system-out/>
  <testcase name="test03_verifyDeleteTask" time="10.826" classname="TodoElectron"/>
  <system-out/>
</testsuite> <!-- TodoElectron -->
