<?xml version="1.0" encoding="UTF-8"?>
<!-- Generated by org.testng.reporters.JUnitReportReporter -->
<testsuite skipped="0" hostname="DESKTOP-5PRV2GL" name="CalcDesktop" tests="4" failures="0" timestamp="2021-12-02T12:26:11 IST" time="10.368" errors="0">
  <testcase name="test01_verifyDivide" time="2.551" classname="CalcDesktop"/>
  <system-out/>
  <testcase name="test01_verifyMultiply" time="2.660" classname="CalcDesktop"/>
  <system-out/>
  <testcase name="test02_verifySubtract" time="2.790" classname="CalcDesktop"/>
  <system-out/>
  <testcase name="test01_verifyAdd" time="2.367" classname="CalcDesktop"/>
  <system-out/>
</testsuite> <!-- CalcDesktop -->
