<?xml version="1.0" encoding="UTF-8"?>
<!-- Generated by org.testng.reporters.JUnitReportReporter -->
<testsuite skipped="0" hostname="DESKTOP-5PRV2GL" name="GrafanaWeb" tests="9" failures="0" timestamp="2021-12-01T19:50:54 IST" time="56.404" errors="0">
  <testcase name="test01" time="3.448" classname="GrafanaWeb"/>
  <system-out/>
  <testcase name="test02" time="2.399" classname="GrafanaWeb"/>
  <system-out/>
  <testcase name="test02" time="2.726" classname="GrafanaWeb"/>
  <system-out/>
  <testcase name="test04" time="1.249" classname="GrafanaWeb"/>
  <system-out/>
  <testcase name="test02" time="2.448" classname="GrafanaWeb"/>
  <system-out/>
  <testcase name="test03" time="22.335" classname="GrafanaWeb"/>
  <system-out/>
  <testcase name="test02" time="2.297" classname="GrafanaWeb"/>
  <system-out/>
  <testcase name="test02" time="3.435" classname="GrafanaWeb"/>
  <system-out/>
  <testcase name="test05" time="16.067" classname="GrafanaWeb"/>
  <system-out/>
</testsuite> <!-- GrafanaWeb -->
