<?xml version="1.0" encoding="UTF-8"?>
<!-- Generated by org.testng.reporters.JUnitReportReporter -->
<testsuite skipped="0" hostname="DESKTOP-5PRV2GL" name="TodoElectron" tests="3" failures="0" timestamp="2021-12-01T14:59:49 IST" time="11.189" errors="0">
  <testcase name="test03_verifyDeleteTask" time="10.262" classname="TodoElectron"/>
  <system-out/>
  <testcase name="test02_verifyEditTask" time="0.359" classname="TodoElectron"/>
  <system-out/>
  <testcase name="test01_verifyCreateTask" time="0.568" classname="TodoElectron"/>
  <system-out/>
</testsuite> <!-- TodoElectron -->
