<?xml version="1.0" encoding="UTF-8"?>
<!-- Generated by org.testng.reporters.JUnitReportReporter -->
<testsuite skipped="0" hostname="DESKTOP-5PRV2GL" name="GrafanaAPI" tests="4" failures="0" timestamp="2021-12-01T20:01:46 IST" time="1.719" errors="0">
  <testcase name="test04_verifyEmailUpdate" time="0.042" classname="GrafanaAPI"/>
  <system-out/>
  <testcase name="test03_LoginAndVerify" time="0.108" classname="GrafanaAPI"/>
  <system-out/>
  <testcase name="test01_verifyList" time="1.530" classname="GrafanaAPI"/>
  <system-out/>
  <testcase name="test02_verifyUserExist" time="0.039" classname="GrafanaAPI"/>
  <system-out/>
</testsuite> <!-- GrafanaAPI -->
