<?xml version="1.0" encoding="UTF-8"?>
<!-- Generated by org.testng.reporters.JUnitReportReporter -->
<testsuite skipped="0" hostname="DESKTOP-5PRV2GL" name="CalcAppium" tests="3" failures="0" timestamp="2021-12-01T19:55:45 IST" time="14.033" errors="0">
  <testcase name="test01_verifyCalculator" time="4.602" classname="CalcAppium"/>
  <system-out/>
  <testcase name="test03_verifyDelete" time="7.715" classname="CalcAppium"/>
  <system-out/>
  <testcase name="test02_verifyCalculatorSaveResults" time="1.716" classname="CalcAppium"/>
  <system-out/>
</testsuite> <!-- CalcAppium -->
